Starting h2 database...
Started h2 database!
Verifying h2 database...
Verified h2 database!
Starting Jetty server...
Jetty server started!
Load h2 database configuration...
h2 database configured!
Starting NSQ server...
NSQ server started!
scheduler started!
Starting discovery with ping and linux ssh...
Discovery completed
Starting h2 database...
Started h2 database!
Verifying h2 database...
Verified h2 database!
Starting Jetty server...
Jetty server started!
Load h2 database configuration...
h2 database configured!
Starting NSQ server...
NSQ server started!
scheduler started!
Starting discovery with ping and linux ssh...
Discovery completed
SSH to hostIp - 172.16.8.182
SSH to hostIp - 172.16.8.182
SSH failed for the hostIp 172.16.8.182
SSH failed for the hostIp 172.16.8.182
SSH to hostIp - 172.16.8.182
SSH failed for the hostIp 172.16.8.182
SSH to hostIp - 172.16.8.182
SSH failed for the hostIp 172.16.8.182
SSH to hostIp - 172.16.8.182
Successful SSH to hostIp 172.16.8.182
Command output : 
Linux ubuntu 4.4.0-131-generic #157-Ubuntu SMP Thu Jul 12 15:51:36 UTC 2018 x86_64 x86_64 x86_64 GNU/Linux


              total        used        free      shared  buff/cache   available
Mem:        8174812     5888044      131852       36256     2154916     1882364
Swap:       7999484      166784     7832700


[Linux, ubuntu, x86_64, 8174812, 5888044, 131852, 4.4.0-131-generic, GNU/Linux, 7999484, 166784, 7832700, 34, 1.67, 1.82]
Starting h2 database...
Started h2 database!
Verifying h2 database...
Verified h2 database!
Starting Jetty server...
Jetty server started!
Load h2 database configuration...
h2 database configured!
Starting NSQ server...
NSQ server started!
scheduler started!
Starting discovery with ping and linux ssh...
Discovery completed
SSH to hostIp - 172.16.8.182
Successful SSH to hostIp 172.16.8.182
Command output : 
Linux ubuntu 4.4.0-131-generic #157-Ubuntu SMP Thu Jul 12 15:51:36 UTC 2018 x86_64 x86_64 x86_64 GNU/Linux


              total        used        free      shared  buff/cache   available
Mem:        8174812     5886872      128740       36228     2159200     1883564
Swap:       7999484      166784     7832700


[Linux, ubuntu, x86_64, 8174812, 5886872, 128740, 4.4.0-131-generic, GNU/Linux, 7999484, 166784, 7832700, 34, 1.67, 1.82]
SSH to hostIp - 172.16.8.182
Successful SSH to hostIp 172.16.8.182
Command output : 
Linux ubuntu 4.4.0-131-generic #157-Ubuntu SMP Thu Jul 12 15:51:36 UTC 2018 x86_64 x86_64 x86_64 GNU/Linux


              total        used        free      shared  buff/cache   available
Mem:        8174812     5889900      125200       36256     2159712     1880452
Swap:       7999484      166784     7832700


[Linux, ubuntu, x86_64, 8174812, 5889900, 125200, 4.4.0-131-generic, GNU/Linux, 7999484, 166784, 7832700, 34, 1.67, 1.82]
SSH to hostIp - 172.16.8.182
Successful SSH to hostIp 172.16.8.182
Command output : 
Linux ubuntu 4.4.0-131-generic #157-Ubuntu SMP Thu Jul 12 15:51:36 UTC 2018 x86_64 x86_64 x86_64 GNU/Linux


              total        used        free      shared  buff/cache   available
Mem:        8174812     5886364      127860       36284     2160588     1883976
Swap:       7999484      166784     7832700


[Linux, ubuntu, x86_64, 8174812, 5886364, 127860, 4.4.0-131-generic, GNU/Linux, 7999484, 166784, 7832700, 34, 1.67, 1.82]
SSH to hostIp - 172.16.8.182
Successful SSH to hostIp 172.16.8.182
Command output : 
Linux ubuntu 4.4.0-131-generic #157-Ubuntu SMP Thu Jul 12 15:51:36 UTC 2018 x86_64 x86_64 x86_64 GNU/Linux


              total        used        free      shared  buff/cache   available
Mem:        8174812     5887420      125480       36284     2161912     1882920
Swap:       7999484      166784     7832700


[Linux, ubuntu, x86_64, 8174812, 5887420, 125480, 4.4.0-131-generic, GNU/Linux, 7999484, 166784, 7832700, 34, 1.67, 1.82]
SSH to hostIp - 172.16.8.182
Successful SSH to hostIp 172.16.8.182
Command output : 
Linux ubuntu 4.4.0-131-generic #157-Ubuntu SMP Thu Jul 12 15:51:36 UTC 2018 x86_64 x86_64 x86_64 GNU/Linux


              total        used        free      shared  buff/cache   available
Mem:        8174812     5882932      148712       36184     2143168     1887524
Swap:       7999484      169168     7830316


[Linux, ubuntu, x86_64, 8174812, 5882932, 148712, 4.4.0-131-generic, GNU/Linux, 7999484, 169168, 7830316, 34, 1.67, 1.82]
SSH to hostIp - 172.16.8.182
Successful SSH to hostIp 172.16.8.182
Command output : 
Linux ubuntu 4.4.0-131-generic #157-Ubuntu SMP Thu Jul 12 15:51:36 UTC 2018 x86_64 x86_64 x86_64 GNU/Linux


              total        used        free      shared  buff/cache   available
Mem:        8174812     5883032      148128       36160     2143652     1887412
Swap:       7999484      169168     7830316


[Linux, ubuntu, x86_64, 8174812, 5883032, 148128, 4.4.0-131-generic, GNU/Linux, 7999484, 169168, 7830316, 34, 1.67, 1.82]
SSH to hostIp - 172.16.8.182
Successful SSH to hostIp 172.16.8.182
Command output : 
Linux ubuntu 4.4.0-131-generic #157-Ubuntu SMP Thu Jul 12 15:51:36 UTC 2018 x86_64 x86_64 x86_64 GNU/Linux


              total        used        free      shared  buff/cache   available
Mem:        8174812     5884800      146216       36188     2143796     1885604
Swap:       7999484      169168     7830316


[Linux, ubuntu, x86_64, 8174812, 5884800, 146216, 4.4.0-131-generic, GNU/Linux, 7999484, 169168, 7830316, 34, 1.67, 1.82]
SSH to hostIp - 172.16.8.182
Successful SSH to hostIp 172.16.8.182
Command output : 
Linux ubuntu 4.4.0-131-generic #157-Ubuntu SMP Thu Jul 12 15:51:36 UTC 2018 x86_64 x86_64 x86_64 GNU/Linux


              total        used        free      shared  buff/cache   available
Mem:        8174812     5887988      142620       36244     2144204     1882320
Swap:       7999484      169168     7830316


[Linux, ubuntu, x86_64, 8174812, 5887988, 142620, 4.4.0-131-generic, GNU/Linux, 7999484, 169168, 7830316, 34, 1.67, 1.82]
SSH to hostIp - 172.16.8.182
Successful SSH to hostIp 172.16.8.182
Command output : 
Linux ubuntu 4.4.0-131-generic #157-Ubuntu SMP Thu Jul 12 15:51:36 UTC 2018 x86_64 x86_64 x86_64 GNU/Linux


              total        used        free      shared  buff/cache   available
Mem:        8174812     5885504      144244       36272     2145064     1884636
Swap:       7999484      169168     7830316


[Linux, ubuntu, x86_64, 8174812, 5885504, 144244, 4.4.0-131-generic, GNU/Linux, 7999484, 169168, 7830316, 34, 1.67, 1.82]
SSH to hostIp - 172.16.8.182
Successful SSH to hostIp 172.16.8.182
Command output : 
Linux ubuntu 4.4.0-131-generic #157-Ubuntu SMP Thu Jul 12 15:51:36 UTC 2018 x86_64 x86_64 x86_64 GNU/Linux


              total        used        free      shared  buff/cache   available
Mem:        8174812     5888364      144700       36276     2141748     1881836
Swap:       7999484      169168     7830316


[Linux, ubuntu, x86_64, 8174812, 5888364, 144700, 4.4.0-131-generic, GNU/Linux, 7999484, 169168, 7830316, 34, 1.67, 1.82]
SSH to hostIp - 172.16.8.182
Successful SSH to hostIp 172.16.8.182
Command output : 
Linux ubuntu 4.4.0-131-generic #157-Ubuntu SMP Thu Jul 12 15:51:36 UTC 2018 x86_64 x86_64 x86_64 GNU/Linux


              total        used        free      shared  buff/cache   available
Mem:        8174812     5891828      140548       36332     2142436     1878124
Swap:       7999484      169168     7830316


[Linux, ubuntu, x86_64, 8174812, 5891828, 140548, 4.4.0-131-generic, GNU/Linux, 7999484, 169168, 7830316, 34, 1.67, 1.82]
SSH to hostIp - 172.16.8.182
Successful SSH to hostIp 172.16.8.182
Command output : 
Linux ubuntu 4.4.0-131-generic #157-Ubuntu SMP Thu Jul 12 15:51:36 UTC 2018 x86_64 x86_64 x86_64 GNU/Linux


              total        used        free      shared  buff/cache   available
Mem:        8174812     5891288      138156       36356     2145368     1878644
Swap:       7999484      169168     7830316


[Linux, ubuntu, x86_64, 8174812, 5891288, 138156, 4.4.0-131-generic, GNU/Linux, 7999484, 169168, 7830316, 34, 1.67, 1.82]
SSH to hostIp - 172.16.8.182
Successful SSH to hostIp 172.16.8.182
Command output : 
Linux ubuntu 4.4.0-131-generic #157-Ubuntu SMP Thu Jul 12 15:51:36 UTC 2018 x86_64 x86_64 x86_64 GNU/Linux


              total        used        free      shared  buff/cache   available
Mem:        8174812     5891860      137680       36384     2145272     1877976
Swap:       7999484      169168     7830316


[Linux, ubuntu, x86_64, 8174812, 5891860, 137680, 4.4.0-131-generic, GNU/Linux, 7999484, 169168, 7830316, 34, 1.67, 1.82]
SSH to hostIp - 172.16.8.182
Successful SSH to hostIp 172.16.8.182
Command output : 
Linux ubuntu 4.4.0-131-generic #157-Ubuntu SMP Thu Jul 12 15:51:36 UTC 2018 x86_64 x86_64 x86_64 GNU/Linux


              total        used        free      shared  buff/cache   available
Mem:        8174812     5894968      136316       36468     2143528     1874448
Swap:       7999484      169168     7830316


[Linux, ubuntu, x86_64, 8174812, 5894968, 136316, 4.4.0-131-generic, GNU/Linux, 7999484, 169168, 7830316, 34, 1.67, 1.82]
SSH to hostIp - 172.16.8.182
Successful SSH to hostIp 172.16.8.182
Command output : 
Linux ubuntu 4.4.0-131-generic #157-Ubuntu SMP Thu Jul 12 15:51:36 UTC 2018 x86_64 x86_64 x86_64 GNU/Linux


              total        used        free      shared  buff/cache   available
Mem:        8174812     5892772      139716       36440     2142324     1876840
Swap:       7999484      169168     7830316


[Linux, ubuntu, x86_64, 8174812, 5892772, 139716, 4.4.0-131-generic, GNU/Linux, 7999484, 169168, 7830316, 34, 1.67, 1.82]
SSH to hostIp - 172.16.8.182
Successful SSH to hostIp 172.16.8.182
Command output : 
Linux ubuntu 4.4.0-131-generic #157-Ubuntu SMP Thu Jul 12 15:51:36 UTC 2018 x86_64 x86_64 x86_64 GNU/Linux


              total        used        free      shared  buff/cache   available
Mem:        8174812     5898204      129476       36468     2147132     1871272
Swap:       7999484      169168     7830316


[Linux, ubuntu, x86_64, 8174812, 5898204, 129476, 4.4.0-131-generic, GNU/Linux, 7999484, 169168, 7830316, 34, 1.67, 1.82]
