Starting h2 database...
Started h2 database!
Verifying h2 database...
Verified h2 database!
Starting Jetty server...
Jetty server started!
Load h2 database configuration...
Starting h2 database...
Started h2 database!
Verifying h2 database...
Verified h2 database!
Starting Jetty server...
Jetty server started!
Load h2 database configuration...
Starting h2 database...
Started h2 database!
Verifying h2 database...
Verified h2 database!
Starting Jetty server...
Jetty server started!
Load h2 database configuration...
Starting h2 database...
Started h2 database!
Verifying h2 database...
Verified h2 database!
Starting Jetty server...
Jetty server started!
Load h2 database configuration...
h2 database configured!
Starting NSQ server...
NSQ server started!
Starting h2 database...
Started h2 database!
Verifying h2 database...
Verified h2 database!
Starting Jetty server...
Jetty server started!
Load h2 database configuration...
h2 database configured!
Starting NSQ server...
NSQ server started!
Starting h2 database...
Started h2 database!
Verifying h2 database...
Verified h2 database!
Starting Jetty server...
Jetty server started!
Load h2 database configuration...
h2 database configured!
Starting NSQ server...
NSQ server started!Starting h2 database...
Started h2 database!
Verifying h2 database...
Verified h2 database!
Starting Jetty server...
Jetty server started!
Load h2 database configuration...
h2 database configured!
Starting NSQ server...
Starting h2 database...
Started h2 database!
Verifying h2 database...
Verified h2 database!
Starting Jetty server...
Jetty server started!
Load h2 database configuration...
h2 database configured!
Starting NSQ server...
Starting h2 database...
Started h2 database!
Verifying h2 database...
Verified h2 database!
Starting Jetty server...
Jetty server started!
Load h2 database configuration...
h2 database configured!
Starting NSQ server...
Starting h2 database...
Started h2 database!
Verifying h2 database...
Verified h2 database!
Starting Jetty server...
Jetty server started!
Load h2 database configuration...
h2 database configured!
Starting NSQ server...
NSQ server started!
Starting h2 database...
Started h2 database!
Verifying h2 database...
Verified h2 database!
Starting Jetty server...
Jetty server started!
Load h2 database configuration...
h2 database configured!
Starting NSQ server...
Starting h2 database...
Started h2 database!
Verifying h2 database...
Verified h2 database!
Starting Jetty server...
Jetty server started!
Load h2 database configuration...
h2 database configured!
Starting NSQ server...
Starting h2 database...
Started h2 database!
Verifying h2 database...
Verified h2 database!
Starting Jetty server...
Jetty server started!
Load h2 database configuration...
h2 database configured!
Starting NSQ server...
NSQ server started!
Starting h2 database...
Started h2 database!
Verifying h2 database...
Verified h2 database!
Starting Jetty server...
Jetty server started!
Load h2 database configuration...
h2 database configured!
Starting NSQ server...
Starting h2 database...
Started h2 database!
Verifying h2 database...
Verified h2 database!
Starting Jetty server...
Jetty server started!
Load h2 database configuration...
h2 database configured!
Starting NSQ server...
Starting h2 database...
Started h2 database!
Verifying h2 database...
Verified h2 database!
Starting Jetty server...
Jetty server started!
Load h2 database configuration...
h2 database configured!
Starting NSQ server...
NSQ server started!
Starting h2 database...
Started h2 database!
Verifying h2 database...
Verified h2 database!
Starting Jetty server...
Jetty server started!
Load h2 database configuration...
h2 database configured!
Starting NSQ server...
NSQ server started!
Starting h2 database...
Started h2 database!
Verifying h2 database...
Verified h2 database!
Starting Jetty server...
Jetty server started!
Load h2 database configuration...
h2 database configured!
Starting NSQ server...
NSQ server started!
Starting h2 database...
Started h2 database!
Verifying h2 database...
Verified h2 database!
Starting Jetty server...
Jetty server started!
Load h2 database configuration...
h2 database configured!
Starting NSQ server...
NSQ server started!
Starting h2 database...
Started h2 database!
Verifying h2 database...
Verified h2 database!
Starting Jetty server...
Jetty server started!
Load h2 database configuration...
h2 database configured!
Starting NSQ server...
NSQ server started!
Starting h2 database...
Started h2 database!
Verifying h2 database...
Verified h2 database!
Starting Jetty server...
Jetty server started!
Load h2 database configuration...
h2 database configured!
Starting NSQ server...
NSQ server started!
Starting h2 database...
Started h2 database!
Verifying h2 database...
Verified h2 database!
Starting Jetty server...
Jetty server started!
Load h2 database configuration...
h2 database configured!
Starting NSQ server...
NSQ server started!
Starting h2 database...
Started h2 database!
Verifying h2 database...
Verified h2 database!
Starting Jetty server...
Jetty server started!
Load h2 database configuration...
h2 database configured!
Starting NSQ server...
NSQ server started!
Starting h2 database...
Started h2 database!
Verifying h2 database...
Verified h2 database!
Starting Jetty server...
Jetty server started!
Load h2 database configuration...
h2 database configured!
Starting NSQ server...
NSQ server started!
Starting h2 database...
Started h2 database!
Verifying h2 database...
Verified h2 database!
Starting Jetty server...
Jetty server started!
Load h2 database configuration...
h2 database configured!
Starting NSQ server...
NSQ server started!
Starting h2 database...
Started h2 database!
Verifying h2 database...
Verified h2 database!
Starting Jetty server...
Jetty server started!
Load h2 database configuration...
h2 database configured!
Starting NSQ server...
NSQ server started!
Starting h2 database...
Started h2 database!
Verifying h2 database...
Verified h2 database!
Starting Jetty server...
Jetty server started!
Load h2 database configuration...
h2 database configured!
Starting NSQ server...
NSQ server started!
