Starting h2 database...
Started h2 database!
Verifying h2 database...
Verified h2 database!
Starting Jetty server...
Jetty server started!
Load h2 database configuration...
h2 database configured!
Starting NSQ server...
NSQ server started!
scheduler started!
Starting discovery with ping and linux ssh...
SSH to hostIp - 172.16.8.182
Successful SSH to hostIp 172.16.8.182
Command output : 1: lo: <LOOPBACK,UP,LOWER_UP> mtu 65536 qdisc noqueue state UNKNOWN group default qlen 1
    link/loopback 00:00:00:00:00:00 brd 00:00:00:00:00:00
    inet 127.0.0.1/8 scope host lo
       valid_lft forever preferred_lft forever
    inet6 ::1/128 scope host 
       valid_lft forever preferred_lft forever
2: ens160: <BROADCAST,MULTICAST,UP,LOWER_UP> mtu 1500 qdisc mq state UP group default qlen 1000
    link/ether 00:50:56:bb:9b:ef brd ff:ff:ff:ff:ff:ff
    inet 172.16.8.182/21 brd 172.16.15.255 scope global ens160
       valid_lft forever preferred_lft forever
    inet6 fd00:1:1:1:250:56ff:febb:9bef/64 scope global mngtmpaddr dynamic 
       valid_lft 2591994sec preferred_lft 604794sec
    inet6 fe80::250:56ff:febb:9bef/64 scope link 
       valid_lft forever preferred_lft forever


Discovery completed
Starting h2 database...
Started h2 database!
Verifying h2 database...
Verified h2 database!
Starting Jetty server...
Jetty server started!
Load h2 database configuration...
h2 database configured!
Starting NSQ server...
NSQ server started!
scheduler started!
Starting discovery with ping and linux ssh...
SSH to hostIp - 172.16.8.182
SSH failed for the hostIp 172.16.8.182
Discovery completed
Starting h2 database...
Started h2 database!
Verifying h2 database...
Verified h2 database!
Starting Jetty server...
Jetty server started!
Load h2 database configuration...
h2 database configured!
Starting NSQ server...
NSQ server started!
scheduler started!
Starting discovery with ping and linux ssh...
SSH to hostIp - 172.16.8.182
SSH failed for the hostIp 172.16.8.182
Discovery completed
