Starting h2 database...
Started h2 database!
Verifying h2 database...
Verified h2 database!
Starting Jetty server...
Jetty server started!
Load h2 database configuration...
h2 database configured!
Starting NSQ server...
NSQ server started!
scheduler started!
Starting discovery with ping and linux ssh...
SSH to hostIp - 172.16.8.182
SSH failed for the hostIp 172.16.8.182
Discovery completed
Starting h2 database...
Started h2 database!
Verifying h2 database...
Verified h2 database!
Starting Jetty server...
Jetty server started!
Load h2 database configuration...
h2 database configured!
Starting NSQ server...
NSQ server started!
scheduler started!
Starting discovery with ping and linux ssh...
SSH to hostIp - 172.16.8.182
SSH failed for the hostIp 172.16.8.182
Discovery completed
Starting h2 database...
Started h2 database!
Verifying h2 database...
Verified h2 database!
Starting Jetty server...
Jetty server started!
Load h2 database configuration...
h2 database configured!
Starting NSQ server...
NSQ server started!
scheduler started!
Starting discovery with ping and linux ssh...
SSH to hostIp - 172.16.8.182
SSH failed for the hostIp 172.16.8.182
Discovery completed
