error on getting free memory percent!
error on getting free memory percent!
error on getting free memory percent!
error on getting free memory percent!
error on getting free memory percent!
error on getting free memory percent!
error on getting free memory percent!
error on getting free memory percent!
prepared statement is not ready!
prepared statement is not ready!
still not inserted data into tb_result table!
still not inserted data into tb_result table!
error on getting free memory percent!
error on getting free memory percent!
error on getting free memory percent!
error on getting os version!
error on getting os name!
error on getting used memory percent!
error on getting free memory percent!
error on getting user cpu!
error on getting system cpu!
error on getting used swap percent!
error on getting used swap percent!
error on getting disk!
error on getting free memory percent!
error on getting os version!
error on getting os name!
error on getting used memory percent!
error on getting free memory percent!
error on getting user cpu!
error on getting system cpu!
error on getting used swap percent!
error on getting used swap percent!
error on getting disk!
dashboard page not found!
dashboard page not found!
dashboard page not found!
dashboard page not found!
dashboard page not found!
dashboard page not found!
dashboard page not found!
dashboard page not found!
dashboard page not found!
error on getting free memory percent!
error on getting free memory percent!
error on getting free memory percent!
error on getting free memory percent!
error on getting free memory percent!
error on getting free memory percent!
error on getting free memory percent!
error on getting free memory percent!
error on getting free memory percent!
error on getting free memory percent!
error on getting free memory percent!
error on getting free memory percent!
error on getting free memory percent!
error on getting free memory percent!
error on getting free memory percent!
