error on getting free memory percent!
error on getting free memory percent!
error on getting free memory percent!
error on getting free memory percent!
error on getting free memory percent!
error on getting free memory percent!
error on getting free memory percent!
error on getting free memory percent!
error on getting free memory percent!
error on getting free memory percent!
error on getting free memory percent!
error on getting free memory percent!
failed to connect to 127.0.0.1234
ssh object is null!
packet not receive!
packet not receive!
packet not receive!
packet not receive!
error on getting free memory percent!
error on getting free memory percent!
not get specific data from linux output!
error on getting free memory percent!
error on getting device type!
error on getting system name!
error on getting cpu type!
error on getting os version!
error on getting os name!
error on getting used memory percent!
error on getting free memory percent!
error on getting user cpu!
error on getting system cpu!
error on getting used swap percent!
error on getting used swap percent!
error on getting disk!
error on getting free memory percent!
error on getting device type!
error on getting system name!
error on getting cpu type!
error on getting os version!
error on getting os name!
error on getting used memory percent!
error on getting free memory percent!
error on getting user cpu!
error on getting system cpu!
error on getting used swap percent!
error on getting used swap percent!
error on getting disk!
error on getting free memory percent!
error on getting free memory percent!
