not get the result set!
not get array for monitor data!
error on getting updated packet!
prepared statement is not ready!
prepared statement is still not closed!
prepared statement is still not closed!
error on getting data from database!
error on getting data from database!
prepared statement is not ready!
error on getting data from database!
error on getting data from database!
prepared statement is not ready!
error on getting data from database!
error on getting data from database!
prepared statement is not ready!
error on getting data from database!
error on getting data from database!
prepared statement is not ready!
error on getting data from database!
error on getting data from database!
prepared statement is not ready!
error on getting data from database!
error on getting data from database!
prepared statement is not ready!
error on getting data from database!
error on getting data from database!
prepared statement is not ready!
error on getting data from database!
error on getting data from database!
prepared statement is not ready!
error on getting data from database!
error on getting data from database!
prepared statement is not ready!
error on getting data from database!
error on getting data from database!
prepared statement is not ready!
error on getting data from database!
error on getting data from database!
prepared statement is not ready!
error on getting data from database!
error on getting data from database!
prepared statement is not ready!
error on getting data from database!
error on getting data from database!
prepared statement is not ready!
error on getting data from database!
error on getting data from database!
prepared statement is not ready!
error on getting data from database!
error on getting data from database!
prepared statement is not ready!
error on getting data from database!
error on getting data from database!
prepared statement is not ready!
error on getting data from database!
error on getting data from database!
prepared statement is not ready!
error on getting data from database!
error on getting data from database!
prepared statement is not ready!
error on getting data from database!
error on getting data from database!
prepared statement is not ready!
error on getting data from database!
error on getting data from database!
prepared statement is not ready!
error on getting data from database!
error on getting data from database!
prepared statement is not ready!
error on getting data from database!
error on getting data from database!
prepared statement is not ready!
error on getting data from database!
error on getting data from database!
prepared statement is not ready!
error on getting data from database!
error on getting data from database!
prepared statement is not ready!
error on getting data from database!
error on getting data from database!
prepared statement is not ready!
error on getting data from database!
error on getting data from database!
prepared statement is not ready!
error on getting data from database!
error on getting data from database!
prepared statement is not ready!
error on getting data from database!
error on getting data from database!
prepared statement is not ready!
