still not connect...
still not connect...
still not connect...
still not connect...
still not connect...
still not connect...
still not connect...
still not connect...
discovery data not inserted properly!
not connection established!
not find discover table data!!
discovery data not inserted properly!
discovery data not inserted properly!
discovery data not inserted properly!
something went wrong on ping discovery verify side!
something went wrong on ping discovery verify side!
re-discovery failed!
re-discovery failed!
re-discovery failed!
re-discovery failed!
re-discovery failed!
discovery data not inserted properly!
discovery data not inserted properly!
still not connect...
discovery data not inserted properly!
