some thing went wrong on status percent function!
error on getting data from database!
error on getting data from database!
error on getting data from database!
error on getting data from database!
error on getting data from database!
error on getting data from database!
error on getting data from database!
error on getting data from database!
some thing went wrong on status percent function!
error on getting data from database!
error on getting data from database!
error on getting data from database!
error on getting data from database!
error on getting data from database!
error on getting data from database!
error on getting data from database!
error on getting data from database!
some thing went wrong on status percent function!
error on getting data from database!
error on getting data from database!
error on getting data from database!
error on getting data from database!
error on getting data from database!
error on getting data from database!
error on getting data from database!
error on getting data from database!
some thing went wrong on status percent function!
error on getting data from database!
error on getting data from database!
error on getting data from database!
error on getting data from database!
error on getting data from database!
error on getting data from database!
error on getting data from database!
error on getting data from database!
some thing went wrong on status percent function!
error on getting data from database!
some thing went wrong on status percent function!
error on getting data from database!
error on getting data from database!
error on getting data from database!
error on getting data from database!
error on getting data from database!
error on getting data from database!
error on getting data from database!
error on getting data from database!
error on getting data from database!
error on getting data from database!
error on getting data from database!
error on getting data from database!
error on getting data from database!
some thing went wrong on status percent function!
error on getting data from database!
error on getting data from database!
error on getting data from database!
error on getting data from database!
error on getting data from database!
error on getting data from database!
error on getting data from database!
some thing went wrong on status percent function!
error on getting data from database!
error on getting data from database!
error on getting data from database!
error on getting data from database!
error on getting data from database!
error on getting data from database!
error on getting data from database!
error on getting data from database!
error on getting data from database!
error on getting data from database!
error on getting data from database!
some thing went wrong on status percent function!
error on getting data from database!
error on getting data from database!
error on getting data from database!
error on getting data from database!
error on getting data from database!
some thing went wrong on status percent function!
error on getting data from database!
error on getting data from database!
error on getting data from database!
error on getting data from database!
error on getting data from database!
error on getting data from database!
error on getting data from database!
error on getting data from database!
some thing went wrong on status percent function!
error on getting data from database!
error on getting data from database!
error on getting data from database!
error on getting data from database!
error on getting data from database!
error on getting data from database!
error on getting data from database!
error on getting data from database!
error on getting data from database!
some thing went wrong on status percent function!
error on getting data from database!
error on getting data from database!
error on getting data from database!
error on getting data from database!
error on getting data from database!
error on getting data from database!
error on getting data from database!
error on getting data from database!
some thing went wrong on status percent function!
error on getting data from database!
error on getting data from database!
error on getting data from database!
error on getting data from database!
error on getting data from database!
error on getting data from database!
some thing went wrong on status percent function!
error on getting data from database!
error on getting data from database!
error on getting data from database!
error on getting data from database!
error on getting data from database!
error on getting data from database!
error on getting data from database!
error on getting data from database!
error on getting data from database!
error on getting data from database!
error on getting data from database!
error on getting data from database!
error on getting data from database!
error on getting data from database!
error on getting data from database!
error on getting data from database!
some thing went wrong on status percent function!
error on getting data from database!
error on getting data from database!
error on getting data from database!
error on getting data from database!
some thing went wrong on status percent function!
error on getting data from database!
error on getting data from database!
error on getting data from database!
error on getting data from database!
error on getting data from database!
error on getting data from database!
error on getting data from database!
error on getting data from database!
error on getting data from database!
some thing went wrong on status percent function!
error on getting data from database!
error on getting data from database!
error on getting data from database!
error on getting data from database!
error on getting data from database!
error on getting data from database!
some thing went wrong on status percent function!
error on getting data from database!
error on getting data from database!
error on getting data from database!
some thing went wrong on status percent function!
error on getting data from database!
error on getting data from database!
error on getting data from database!
error on getting data from database!
error on getting data from database!
error on getting data from database!
error on getting data from database!
error on getting data from database!
some thing went wrong on status percent function!
error on getting data from database!
error on getting data from database!
error on getting data from database!
error on getting data from database!
error on getting data from database!
error on getting data from database!
error on getting data from database!
error on getting data from database!
error on getting data from database!
some thing went wrong on status percent function!
error on getting data from database!
some thing went wrong on status percent function!
error on getting data from database!
error on getting data from database!
error on getting data from database!
error on getting data from database!
some thing went wrong on status percent function!
error on getting data from database!
error on getting data from database!
error on getting data from database!
error on getting data from database!
error on getting data from database!
error on getting data from database!
error on getting data from database!
error on getting data from database!
error on getting data from database!
some thing went wrong on status percent function!
some thing went wrong on status percent function!
error on getting data from database!
error on getting data from database!
error on getting data from database!
error on getting data from database!
error on getting data from database!
error on getting data from database!
error on getting data from database!
error on getting data from database!
error on getting data from database!
error on getting data from database!
error on getting data from database!
error on getting data from database!
error on getting data from database!
error on getting data from database!
error on getting data from database!
error on getting data from database!
error on getting data from database!
error on getting data from database!
error on getting data from database!
error on getting data from database!
error on getting data from database!
error on getting data from database!
error on getting data from database!
error on getting data from database!
error on getting data from database!
error on getting data from database!
error on getting data from database!
error on getting data from database!
error on getting data from database!
error on getting data from database!
error on getting data from database!
error on getting data from database!
error on getting data from database!
some thing went wrong on status percent function!
error on getting data from database!
error on getting data from database!
error on getting data from database!
error on getting data from database!
error on getting data from database!
error on getting data from database!
error on getting data from database!
error on getting data from database!
error on getting data from database!
error on getting data from database!
error on getting data from database!
error on getting data from database!
error on getting data from database!
error on getting data from database!
error on getting data from database!
error on getting data from database!
error on getting data from database!
error on getting data from database!
error on getting data from database!
error on getting data from database!
error on getting data from database!
error on getting data from database!
error on getting data from database!
error on getting data from database!
error on getting data from database!
error on getting data from database!
error on getting data from database!
error on getting data from database!
error on getting data from database!
error on getting data from database!
error on getting data from database!
error on getting data from database!
error on getting data from database!
error on getting data from database!
error on getting data from database!
error on getting data from database!
error on getting data from database!
error on getting data from database!
error on getting data from database!
error on getting data from database!
error on getting data from database!
not get array for monitor data!
error on getting data from database!
error on getting data from database!
error on getting data from database!
error on getting data from database!
error on getting data from database!
error on getting data from database!
error on getting data from database!
error on getting data from database!
error on getting data from database!
error on getting data from database!
error on getting data from database!
error on getting data from database!
error on getting data from database!
error on getting data from database!
failed to connect to 172.16.8.68
ssh object is null!
failed to connect to 172.16.8.182
ssh object is null!
failed to connect to 172.16.8.68
ssh object is null!
error on getting data from database!
error on getting data from database!
error on getting data from database!
error on getting data from database!
error on getting data from database!
error on getting data from database!
error on getting data from database!
error on getting data from database!
error on getting data from database!
error on getting data from database!
error on getting data from database!
error on getting data from database!
failed to connect to 172.16.8.182
ssh object is null!
error on getting data from database!
